<?xml version="1.0" encoding="UTF-8"?>
<testng-results ignored="0" total="1" passed="1" failed="0" skipped="0">
  <reporter-output>
  </reporter-output>
  <suite started-at="2024-07-18T15:07:45 BDT" name="Default suite" finished-at="2024-07-18T15:08:19 BDT" duration-ms="34213">
    <groups>
    </groups>
    <test started-at="2024-07-18T15:07:45 BDT" name="Default test" finished-at="2024-07-18T15:08:19 BDT" duration-ms="34213">
      <class name="webauto.bd.tests.LoginTest">
        <test-method is-config="true" signature="startBrowser()[pri:0, instance:webauto.bd.tests.LoginTest@7fd50002]" started-at="2024-07-18T15:07:41 BDT" name="startBrowser" finished-at="2024-07-18T15:07:45 BDT" duration-ms="4412" status="PASS">
          <reporter-output>
          </reporter-output>
        </test-method> <!-- startBrowser -->
        <test-method is-config="true" signature="openurl()[pri:0, instance:webauto.bd.tests.LoginTest@7fd50002]" started-at="2024-07-18T15:07:45 BDT" name="openurl" finished-at="2024-07-18T15:07:53 BDT" duration-ms="8405" status="PASS">
          <reporter-output>
          </reporter-output>
        </test-method> <!-- openurl -->
        <test-method signature="loginIntoShop()[pri:0, instance:webauto.bd.tests.LoginTest@7fd50002]" started-at="2024-07-18T15:07:53 BDT" name="loginIntoShop" finished-at="2024-07-18T15:08:18 BDT" duration-ms="24593" status="PASS">
          <reporter-output>
          </reporter-output>
        </test-method> <!-- loginIntoShop -->
        <test-method is-config="true" signature="report()[pri:0, instance:webauto.bd.tests.LoginTest@7fd50002]" started-at="2024-07-18T15:08:18 BDT" name="report" finished-at="2024-07-18T15:08:19 BDT" duration-ms="1121" status="PASS">
          <reporter-output>
          </reporter-output>
        </test-method> <!-- report -->
        <test-method is-config="true" signature="closeBrowser()[pri:0, instance:webauto.bd.tests.LoginTest@7fd50002]" started-at="2024-07-18T15:08:19 BDT" name="closeBrowser" finished-at="2024-07-18T15:08:20 BDT" duration-ms="761" status="PASS">
          <reporter-output>
          </reporter-output>
        </test-method> <!-- closeBrowser -->
      </class> <!-- webauto.bd.tests.LoginTest -->
    </test> <!-- Default test -->
  </suite> <!-- Default suite -->
</testng-results>
