<?xml version="1.0" encoding="UTF-8"?>
<testng-results ignored="0" total="1" passed="1" failed="0" skipped="0">
  <reporter-output>
  </reporter-output>
  <suite started-at="2024-07-17T21:00:54 BDT" name="Default suite" finished-at="2024-07-17T21:00:57 BDT" duration-ms="3838">
    <groups>
    </groups>
    <test started-at="2024-07-17T21:00:54 BDT" name="Default test" finished-at="2024-07-17T21:00:57 BDT" duration-ms="3838">
      <class name="webauto.bd.tests.LoginTest">
        <test-method is-config="true" signature="startBrowser()[pri:0, instance:webauto.bd.tests.LoginTest@35841320]" started-at="2024-07-17T21:00:52 BDT" name="startBrowser" finished-at="2024-07-17T21:00:54 BDT" duration-ms="1494" status="PASS">
          <reporter-output>
          </reporter-output>
        </test-method> <!-- startBrowser -->
        <test-method is-config="true" signature="openurl()[pri:0, instance:webauto.bd.tests.LoginTest@35841320]" started-at="2024-07-17T21:00:54 BDT" name="openurl" finished-at="2024-07-17T21:00:57 BDT" duration-ms="3784" status="PASS">
          <reporter-output>
          </reporter-output>
        </test-method> <!-- openurl -->
        <test-method signature="loginIntoShop()[pri:0, instance:webauto.bd.tests.LoginTest@35841320]" started-at="2024-07-17T21:00:57 BDT" name="loginIntoShop" finished-at="2024-07-17T21:00:57 BDT" duration-ms="18" status="PASS">
          <reporter-output>
          </reporter-output>
        </test-method> <!-- loginIntoShop -->
        <test-method is-config="true" signature="closeBrowser()[pri:0, instance:webauto.bd.tests.LoginTest@35841320]" started-at="2024-07-17T21:00:57 BDT" name="closeBrowser" finished-at="2024-07-17T21:00:58 BDT" duration-ms="244" status="PASS">
          <reporter-output>
          </reporter-output>
        </test-method> <!-- closeBrowser -->
      </class> <!-- webauto.bd.tests.LoginTest -->
    </test> <!-- Default test -->
  </suite> <!-- Default suite -->
</testng-results>
